[0710/165905.701:ERROR:process_reader_win.cc(151)] SuspendThread: Access is denied. (0x5)
[0710/165905.716:ERROR:exception_snapshot_win.cc(98)] thread ID 18312 not found in process
[0710/165905.716:ERROR:scoped_process_suspend.cc(40)] NtResumeProcess: An attempt was made to access an exiting process. (0xc000010a)
[0710/203609.506:ERROR:process_reader_win.cc(151)] SuspendThread: Access is denied. (0x5)
[0710/203609.506:ERROR:process_reader_win.cc(151)] SuspendThread: Access is denied. (0x5)
[0710/203609.506:ERROR:process_memory_win.cc(73)] ReadMemory at 0x254e4050fe0 of 65536 bytes failed: Only part of a ReadProcessMemory or WriteProcessMemory request was completed. (0x12B)
[0710/203609.514:ERROR:process_memory_win.cc(73)] ReadMemory at 0x254e41b0000 of 64 bytes failed: Only part of a ReadProcessMemory or WriteProcessMemory request was completed. (0x12B)
[0710/203609.514:WARNING:pe_image_reader.cc(340)] could not read dos header from C:\windows\System32\NSI.dll
[0710/203609.514:ERROR:process_memory_win.cc(73)] ReadMemory at 0x254e41b0000 of 64 bytes failed: Only part of a ReadProcessMemory or WriteProcessMemory request was completed. (0x12B)
[0710/203609.514:WARNING:pe_image_reader.cc(340)] could not read dos header from C:\windows\System32\NSI.dll
[0710/203609.514:ERROR:process_memory_win.cc(73)] ReadMemory at 0x254e5f30000 of 64 bytes failed: Only part of a ReadProcessMemory or WriteProcessMemory request was completed. (0x12B)
[0710/203609.514:WARNING:pe_image_reader.cc(340)] could not read dos header from C:\windows\System32\IMM32.DLL
[0710/203609.514:ERROR:process_memory_win.cc(73)] ReadMemory at 0x254e5f30000 of 64 bytes failed: Only part of a ReadProcessMemory or WriteProcessMemory request was completed. (0x12B)
[0710/203609.514:WARNING:pe_image_reader.cc(340)] could not read dos header from C:\windows\System32\IMM32.DLL
[0710/203609.514:ERROR:process_memory_win.cc(73)] ReadMemory at 0x254e40624f0 of 6656 bytes failed: Only part of a ReadProcessMemory or WriteProcessMemory request was completed. (0x12B)
[0710/203609.514:ERROR:process_snapshot_win.cc(322)] failed to read unloaded module data
[0710/203609.522:ERROR:process_memory_win.cc(73)] ReadMemory at 0x254e41b0000 of 64 bytes failed: Only part of a ReadProcessMemory or WriteProcessMemory request was completed. (0x12B)
[0710/203609.522:WARNING:pe_image_reader.cc(340)] could not read dos header from C:\windows\System32\NSI.dll
[0710/203609.522:ERROR:process_memory_win.cc(73)] ReadMemory at 0x254e5f30000 of 64 bytes failed: Only part of a ReadProcessMemory or WriteProcessMemory request was completed. (0x12B)
[0710/203609.522:WARNING:pe_image_reader.cc(340)] could not read dos header from C:\windows\System32\IMM32.DLL
[0710/203609.522:ERROR:process_memory_win.cc(73)] ReadMemory at 0x254e41c3a10 of 72 bytes failed: Only part of a ReadProcessMemory or WriteProcessMemory request was completed. (0x12B)
[0710/203609.522:WARNING:pe_image_annotations_reader.cc(134)] could not read annotations list object in C:\Program Files (x86)\Google\Chrome\Application\83.0.4103.116\chrome_elf.dll
[0710/203609.522:ERROR:process_memory_win.cc(73)] ReadMemory at 0x254e47a5af0 of 72 bytes failed: Only part of a ReadProcessMemory or WriteProcessMemory request was completed. (0x12B)
[0710/203609.522:WARNING:pe_image_annotations_reader.cc(134)] could not read annotations list object in C:\Program Files (x86)\Google\Chrome\Application\83.0.4103.116\chrome.dll
[0710/203609.522:ERROR:process_memory_win.cc(73)] ReadMemory at 0x254e41b0000 of 64 bytes failed: Only part of a ReadProcessMemory or WriteProcessMemory request was completed. (0x12B)
[0710/203609.522:WARNING:pe_image_reader.cc(340)] could not read dos header from C:\windows\System32\NSI.dll
[0710/203609.522:ERROR:process_memory_win.cc(73)] ReadMemory at 0x254e41b0000 of 64 bytes failed: Only part of a ReadProcessMemory or WriteProcessMemory request was completed. (0x12B)
[0710/203609.522:WARNING:pe_image_reader.cc(340)] could not read dos header from C:\windows\System32\NSI.dll
[0710/203609.522:ERROR:process_memory_win.cc(73)] ReadMemory at 0x254e5f30000 of 64 bytes failed: Only part of a ReadProcessMemory or WriteProcessMemory request was completed. (0x12B)
[0710/203609.522:WARNING:pe_image_reader.cc(340)] could not read dos header from C:\windows\System32\IMM32.DLL
[0710/203609.522:ERROR:process_memory_win.cc(73)] ReadMemory at 0x254e5f30000 of 64 bytes failed: Only part of a ReadProcessMemory or WriteProcessMemory request was completed. (0x12B)
[0710/203609.522:WARNING:pe_image_reader.cc(340)] could not read dos header from C:\windows\System32\IMM32.DLL
[0710/203609.690:ERROR:process_memory_win.cc(73)] ReadMemory at 0x7ff7749a0000 of 64 bytes failed: Only part of a ReadProcessMemory or WriteProcessMemory request was completed. (0x12B)
[0710/203609.690:WARNING:pe_image_reader.cc(340)] could not read dos header from C:\Program Files (x86)\Google\Chrome\Application\chrome.exe
[0710/203609.690:ERROR:process_memory_win.cc(73)] ReadMemory at 0x7fffad4c0000 of 64 bytes failed: Only part of a ReadProcessMemory or WriteProcessMemory request was completed. (0x12B)
[0710/203609.690:WARNING:pe_image_reader.cc(340)] could not read dos header from C:\windows\SYSTEM32\ntdll.dll
[0710/203609.690:ERROR:process_memory_win.cc(73)] ReadMemory at 0x7fffaba80000 of 64 bytes failed: Only part of a ReadProcessMemory or WriteProcessMemory request was completed. (0x12B)
[0710/203609.690:WARNING:pe_image_reader.cc(340)] could not read dos header from C:\windows\System32\KERNEL32.DLL
[0710/203609.690:ERROR:process_memory_win.cc(73)] ReadMemory at 0x7fffaafc0000 of 64 bytes failed: Only part of a ReadProcessMemory or WriteProcessMemory request was completed. (0x12B)
[0710/203609.690:WARNING:pe_image_reader.cc(340)] could not read dos header from C:\windows\System32\KERNELBASE.dll
[0710/203609.690:ERROR:process_memory_win.cc(73)] ReadMemory at 0x7fff6c240000 of 64 bytes failed: Only part of a ReadProcessMemory or WriteProcessMemory request was completed. (0x12B)
[0710/203609.690:WARNING:pe_image_reader.cc(340)] could not read dos header from C:\Program Files (x86)\Google\Chrome\Application\83.0.4103.116\chrome_elf.dll
[0710/203609.690:ERROR:process_memory_win.cc(73)] ReadMemory at 0x7fffa2250000 of 64 bytes failed: Only part of a ReadProcessMemory or WriteProcessMemory request was completed. (0x12B)
[0710/203609.690:WARNING:pe_image_reader.cc(340)] could not read dos header from C:\windows\SYSTEM32\VERSION.dll
[0710/203609.690:ERROR:process_memory_win.cc(73)] ReadMemory at 0x7fffabb50000 of 64 bytes failed: Only part of a ReadProcessMemory or WriteProcessMemory request was completed. (0x12B)
[0710/203609.690:WARNING:pe_image_reader.cc(340)] could not read dos header from C:\windows\System32\msvcrt.dll
[0710/203609.690:ERROR:process_memory_win.cc(73)] ReadMemory at 0x7fffaada0000 of 64 bytes failed: Only part of a ReadProcessMemory or WriteProcessMemory request was completed. (0x12B)
[0710/203609.690:WARNING:pe_image_reader.cc(340)] could not read dos header from C:\windows\System32\bcryptPrimitives.dll
[0710/203609.690:ERROR:process_memory_win.cc(73)] ReadMemory at 0x7fffac990000 of 64 bytes failed: Only part of a ReadProcessMemory or WriteProcessMemory request was completed. (0x12B)
[0710/203609.690:WARNING:pe_image_reader.cc(340)] could not read dos header from C:\windows\System32\ADVAPI32.dll
[0710/203609.690:ERROR:process_memory_win.cc(73)] ReadMemory at 0x7fffacac0000 of 64 bytes failed: Only part of a ReadProcessMemory or WriteProcessMemory request was completed. (0x12B)
[0710/203609.690:WARNING:pe_image_reader.cc(340)] could not read dos header from C:\windows\System32\sechost.dll
[0710/203609.690:ERROR:process_memory_win.cc(73)] ReadMemory at 0x7fffac3f0000 of 64 bytes failed: Only part of a ReadProcessMemory or WriteProcessMemory request was completed. (0x12B)
[0710/203609.690:WARNING:pe_image_reader.cc(340)] could not read dos header from C:\windows\System32\RPCRT4.dll
[0710/203609.690:ERROR:process_memory_win.cc(73)] ReadMemory at 0x7fff64220000 of 64 bytes failed: Only part of a ReadProcessMemory or WriteProcessMemory request was completed. (0x12B)
[0710/203609.690:WARNING:pe_image_reader.cc(340)] could not read dos header from C:\Program Files (x86)\Google\Chrome\Application\83.0.4103.116\chrome.dll
[0710/203609.690:ERROR:process_memory_win.cc(73)] ReadMemory at 0x7fffad2b0000 of 64 bytes failed: Only part of a ReadProcessMemory or WriteProcessMemory request was completed. (0x12B)
[0710/203609.690:WARNING:pe_image_reader.cc(340)] could not read dos header from C:\windows\System32\WS2_32.dll
[0710/203609.690:ERROR:process_memory_win.cc(73)] ReadMemory at 0x7fffabd60000 of 64 bytes failed: Only part of a ReadProcessMemory or WriteProcessMemory request was completed. (0x12B)
[0710/203609.690:WARNING:pe_image_reader.cc(340)] could not read dos header from C:\windows\System32\OLEAUT32.dll
[0710/203609.690:ERROR:process_memory_win.cc(73)] ReadMemory at 0x7fffaa450000 of 64 bytes failed: Only part of a ReadProcessMemory or WriteProcessMemory request was completed. (0x12B)
[0710/203609.690:WARNING:pe_image_reader.cc(340)] could not read dos header from C:\windows\System32\msvcp_win.dll
[0710/203609.690:ERROR:process_memory_win.cc(73)] ReadMemory at 0x7fffaaca0000 of 64 bytes failed: Only part of a ReadProcessMemory or WriteProcessMemory request was completed. (0x12B)
[0710/203609.690:WARNING:pe_image_reader.cc(340)] could not read dos header from C:\windows\System32\ucrtbase.dll
[0710/203609.690:ERROR:process_memory_win.cc(73)] ReadMemory at 0x7fffab740000 of 64 bytes failed: Only part of a ReadProcessMemory or WriteProcessMemory request was completed. (0x12B)
[0710/203609.690:WARNING:pe_image_reader.cc(340)] could not read dos header from C:\windows\System32\combase.dll
[0710/203609.690:ERROR:process_memory_win.cc(73)] ReadMemory at 0x7fffab510000 of 64 bytes failed: Only part of a ReadProcessMemory or WriteProcessMemory request was completed. (0x12B)
[0710/203609.690:WARNING:pe_image_reader.cc(340)] could not read dos header from C:\windows\System32\WINTRUST.dll
[0710/203609.690:ERROR:process_memory_win.cc(73)] ReadMemory at 0x7fffaa390000 of 64 bytes failed: Only part of a ReadProcessMemory or WriteProcessMemory request was completed. (0x12B)
[0710/203609.690:WARNING:pe_image_reader.cc(340)] could not read dos header from C:\windows\System32\MSASN1.dll
[0710/203609.690:ERROR:process_memory_win.cc(73)] ReadMemory at 0x7fffab270000 of 64 bytes failed: Only part of a ReadProcessMemory or WriteProcessMemory request was completed. (0x12B)
[0710/203609.690:WARNING:pe_image_reader.cc(340)] could not read dos header from C:\windows\System32\CRYPT32.dll
[0710/203609.690:ERROR:process_memory_win.cc(73)] ReadMemory at 0x7fffa98a0000 of 64 bytes failed: Only part of a ReadProcessMemory or WriteProcessMemory request was completed. (0x12B)
[0710/203609.690:WARNING:pe_image_reader.cc(340)] could not read dos header from C:\windows\SYSTEM32\IPHLPAPI.DLL
[0710/203609.690:ERROR:process_memory_win.cc(73)] ReadMemory at 0x7fffa7e60000 of 64 bytes failed: Only part of a ReadProcessMemory or WriteProcessMemory request was completed. (0x12B)
[0710/203609.690:WARNING:pe_image_reader.cc(340)] could not read dos header from C:\windows\SYSTEM32\WINMM.dll
[0710/203609.690:ERROR:process_memory_win.cc(73)] ReadMemory at 0x7fff9e640000 of 64 bytes failed: Only part of a ReadProcessMemory or WriteProcessMemory request was completed. (0x12B)
[0710/203609.690:WARNING:pe_image_reader.cc(340)] could not read dos header from C:\windows\SYSTEM32\Secur32.dll
[0710/203609.690:ERROR:process_memory_win.cc(73)] ReadMemory at 0x7fffaa2a0000 of 64 bytes failed: Only part of a ReadProcessMemory or WriteProcessMemory request was completed. (0x12B)
[0710/203609.690:WARNING:pe_image_reader.cc(340)] could not read dos header from C:\windows\SYSTEM32\USERENV.dll
[0710/203609.690:ERROR:process_memory_win.cc(73)] ReadMemory at 0x7fffaa420000 of 64 bytes failed: Only part of a ReadProcessMemory or WriteProcessMemory request was completed. (0x12B)
[0710/203609.690:WARNING:pe_image_reader.cc(340)] could not read dos header from C:\windows\System32\profapi.dll
[0710/203609.690:ERROR:process_memory_win.cc(73)] ReadMemory at 0x7fff7f710000 of 64 bytes failed: Only part of a ReadProcessMemory or WriteProcessMemory request was completed. (0x12B)
[0710/203609.690:WARNING:pe_image_reader.cc(340)] could not read dos header from C:\windows\SYSTEM32\UIAutomationCore.DLL
[0710/203609.690:ERROR:process_memory_win.cc(73)] ReadMemory at 0x7fff967b0000 of 64 bytes failed: Only part of a ReadProcessMemory or WriteProcessMemory request was completed. (0x12B)
[0710/203609.690:WARNING:pe_image_reader.cc(340)] could not read dos header from C:\windows\SYSTEM32\DWrite.dll
[0710/203609.690:ERROR:process_memory_win.cc(73)] ReadMemory at 0x7fffa0cb0000 of 64 bytes failed: Only part of a ReadProcessMemory or WriteProcessMemory request was completed. (0x12B)
[0710/203609.690:WARNING:pe_image_reader.cc(340)] could not read dos header from C:\windows\SYSTEM32\WINSPOOL.DRV
[0710/203609.690:ERROR:process_memory_win.cc(73)] ReadMemory at 0x7fffaa3b0000 of 64 bytes failed: Only part of a ReadProcessMemory or WriteProcessMemory request was completed. (0x12B)
[0710/203609.690:WARNING:pe_image_reader.cc(340)] could not read dos header from C:\windows\System32\kernel.appcore.dll
[0710/203609.690:ERROR:process_memory_win.cc(73)] ReadMemory at 0x7fffab4e0000 of 64 bytes failed: Only part of a ReadProcessMemory or WriteProcessMemory request was completed. (0x12B)
[0710/203609.690:WARNING:pe_image_reader.cc(340)] could not read dos header from C:\windows\System32\bcrypt.dll
[0710/203609.690:ERROR:process_memory_win.cc(73)] ReadMemory at 0x7fff91e40000 of 64 bytes failed: Only part of a ReadProcessMemory or WriteProcessMemory request was completed. (0x12B)
[0710/203609.698:WARNING:pe_image_reader.cc(340)] could not read dos header from C:\windows\SYSTEM32\dbghelp.dll
[0710/203609.698:ERROR:process_memory_win.cc(73)] ReadMemory at 0x7fffa3fa0000 of 64 bytes failed: Only part of a ReadProcessMemory or WriteProcessMemory request was completed. (0x12B)
[0710/203609.698:WARNING:pe_image_reader.cc(340)] could not read dos header from C:\windows\SYSTEM32\WINHTTP.dll
[0710/203609.698:ERROR:process_memory_win.cc(73)] ReadMemory at 0x7fffa2380000 of 64 bytes failed: Only part of a ReadProcessMemory or WriteProcessMemory request was completed. (0x12B)
[0710/203609.698:WARNING:pe_image_reader.cc(340)] could not read dos header from C:\windows\SYSTEM32\dhcpcsvc.DLL
[0710/203609.698:ERROR:process_memory_win.cc(73)] ReadMemory at 0x254e41b0000 of 64 bytes failed: Only part of a ReadProcessMemory or WriteProcessMemory request was completed. (0x12B)
[0710/203609.698:WARNING:pe_image_reader.cc(340)] could not read dos header from C:\windows\System32\NSI.dll
[0710/203609.698:ERROR:process_memory_win.cc(73)] ReadMemory at 0x7fffa7e30000 of 64 bytes failed: Only part of a ReadProcessMemory or WriteProcessMemory request was completed. (0x12B)
[0710/203609.698:WARNING:pe_image_reader.cc(340)] could not read dos header from C:\windows\SYSTEM32\WINMMBASE.dll
[0710/203609.698:ERROR:process_memory_win.cc(73)] ReadMemory at 0x7fffab3c0000 of 64 bytes failed: Only part of a ReadProcessMemory or WriteProcessMemory request was completed. (0x12B)
[0710/203609.698:WARNING:pe_image_reader.cc(340)] could not read dos header from C:\windows\System32\cfgmgr32.dll
[0710/203609.698:ERROR:process_memory_win.cc(73)] ReadMemory at 0x7fffa6cf0000 of 64 bytes failed: Only part of a ReadProcessMemory or WriteProcessMemory request was completed. (0x12B)
[0710/203609.698:WARNING:pe_image_reader.cc(340)] could not read dos header from C:\windows\SYSTEM32\PROPSYS.dll
[0710/203609.698:ERROR:process_memory_win.cc(73)] ReadMemory at 0x7fffad320000 of 64 bytes failed: Only part of a ReadProcessMemory or WriteProcessMemory request was completed. (0x12B)
[0710/203609.698:WARNING:pe_image_reader.cc(340)] could not read dos header from C:\windows\System32\shcore.dll
[0710/203609.698:ERROR:process_memory_win.cc(73)] ReadMemory at 0x7fffaa270000 of 64 bytes failed: Only part of a ReadProcessMemory or WriteProcessMemory request was completed. (0x12B)
[0710/203609.698:WARNING:pe_image_reader.cc(340)] could not read dos header from C:\windows\SYSTEM32\SSPICLI.DLL
[0710/203609.698:ERROR:process_memory_win.cc(73)] ReadMemory at 0x7fffacbc0000 of 64 bytes failed: Only part of a ReadProcessMemory or WriteProcessMemory request was completed. (0x12B)
[0710/203609.698:WARNING:pe_image_reader.cc(340)] could not read dos header from C:\windows\System32\SHELL32.dll
[0710/203609.698:ERROR:process_memory_win.cc(73)] ReadMemory at 0x7fffaa4f0000 of 64 bytes failed: Only part of a ReadProcessMemory or WriteProcessMemory request was completed. (0x12B)
[0710/203609.698:WARNING:pe_image_reader.cc(340)] could not read dos header from C:\windows\System32\windows.storage.dll
[0710/203609.698:ERROR:process_memory_win.cc(73)] ReadMemory at 0x7fffaa3d0000 of 64 bytes failed: Only part of a ReadProcessMemory or WriteProcessMemory request was completed. (0x12B)
[0710/203609.698:WARNING:pe_image_reader.cc(340)] could not read dos header from C:\windows\System32\powrprof.dll
[0710/203609.698:ERROR:process_memory_win.cc(73)] ReadMemory at 0x7fffaa380000 of 64 bytes failed: Only part of a ReadProcessMemory or WriteProcessMemory request was completed. (0x12B)
[0710/203609.698:WARNING:pe_image_reader.cc(340)] could not read dos header from C:\windows\System32\UMPDC.dll
[0710/203609.698:ERROR:process_memory_win.cc(73)] ReadMemory at 0x7fffabe30000 of 64 bytes failed: Only part of a ReadProcessMemory or WriteProcessMemory request was completed. (0x12B)
[0710/203609.698:WARNING:pe_image_reader.cc(340)] could not read dos header from C:\windows\System32\shlwapi.dll
[0710/203609.698:ERROR:process_memory_win.cc(73)] ReadMemory at 0x7fffabc90000 of 64 bytes failed: Only part of a ReadProcessMemory or WriteProcessMemory request was completed. (0x12B)
[0710/203609.698:WARNING:pe_image_reader.cc(340)] could not read dos header from C:\windows\System32\GDI32.dll
[0710/203609.698:ERROR:process_memory_win.cc(73)] ReadMemory at 0x7fffaac70000 of 64 bytes failed: Only part of a ReadProcessMemory or WriteProcessMemory request was completed. (0x12B)
[0710/203609.698:WARNING:pe_image_reader.cc(340)] could not read dos header from C:\windows\System32\win32u.dll
[0710/203609.698:ERROR:process_memory_win.cc(73)] ReadMemory at 0x7fffaae20000 of 64 bytes failed: Only part of a ReadProcessMemory or WriteProcessMemory request was completed. (0x12B)
[0710/203609.698:WARNING:pe_image_reader.cc(340)] could not read dos header from C:\windows\System32\gdi32full.dll
[0710/203609.698:ERROR:process_memory_win.cc(73)] ReadMemory at 0x7fffac0a0000 of 64 bytes failed: Only part of a ReadProcessMemory or WriteProcessMemory request was completed. (0x12B)
[0710/203609.698:WARNING:pe_image_reader.cc(340)] could not read dos header from C:\windows\System32\USER32.dll
[0710/203609.698:ERROR:process_memory_win.cc(73)] ReadMemory at 0x7fffab410000 of 64 bytes failed: Only part of a ReadProcessMemory or WriteProcessMemory request was completed. (0x12B)
[0710/203609.698:WARNING:pe_image_reader.cc(340)] could not read dos header from C:\windows\System32\cryptsp.dll
[0710/203609.698:ERROR:process_memory_win.cc(73)] ReadMemory at 0x254e5f30000 of 64 bytes failed: Only part of a ReadProcessMemory or WriteProcessMemory request was completed. (0x12B)
[0710/203609.698:WARNING:pe_image_reader.cc(340)] could not read dos header from C:\windows\System32\IMM32.DLL
[0710/203609.698:ERROR:process_memory_win.cc(73)] ReadMemory at 0x7fffa9d60000 of 64 bytes failed: Only part of a ReadProcessMemory or WriteProcessMemory request was completed. (0x12B)
[0710/203609.698:WARNING:pe_image_reader.cc(340)] could not read dos header from C:\windows\SYSTEM32\CRYPTBASE.DLL
[0710/203609.706:ERROR:process_memory_win.cc(73)] ReadMemory at 0x7ff7749a0000 of 64 bytes failed: Only part of a ReadProcessMemory or WriteProcessMemory request was completed. (0x12B)
[0710/203609.706:WARNING:pe_image_reader.cc(340)] could not read dos header from C:\Program Files (x86)\Google\Chrome\Application\chrome.exe
[0710/203609.706:ERROR:process_memory_win.cc(73)] ReadMemory at 0x7fffad4c0000 of 64 bytes failed: Only part of a ReadProcessMemory or WriteProcessMemory request was completed. (0x12B)
[0710/203609.706:WARNING:pe_image_reader.cc(340)] could not read dos header from C:\windows\SYSTEM32\ntdll.dll
[0710/203609.706:ERROR:process_memory_win.cc(73)] ReadMemory at 0x7fffaba80000 of 64 bytes failed: Only part of a ReadProcessMemory or WriteProcessMemory request was completed. (0x12B)
[0710/203609.706:WARNING:pe_image_reader.cc(340)] could not read dos header from C:\windows\System32\KERNEL32.DLL
[0710/203609.706:ERROR:process_memory_win.cc(73)] ReadMemory at 0x7fffaafc0000 of 64 bytes failed: Only part of a ReadProcessMemory or WriteProcessMemory request was completed. (0x12B)
[0710/203609.706:WARNING:pe_image_reader.cc(340)] could not read dos header from C:\windows\System32\KERNELBASE.dll
[0710/203609.706:ERROR:process_memory_win.cc(73)] ReadMemory at 0x7fff6c240000 of 64 bytes failed: Only part of a ReadProcessMemory or WriteProcessMemory request was completed. (0x12B)
[0710/203609.706:WARNING:pe_image_reader.cc(340)] could not read dos header from C:\Program Files (x86)\Google\Chrome\Application\83.0.4103.116\chrome_elf.dll
[0710/203609.706:ERROR:process_memory_win.cc(73)] ReadMemory at 0x7fffa2250000 of 64 bytes failed: Only part of a ReadProcessMemory or WriteProcessMemory request was completed. (0x12B)
[0710/203609.706:WARNING:pe_image_reader.cc(340)] could not read dos header from C:\windows\SYSTEM32\VERSION.dll
[0710/203609.706:ERROR:process_memory_win.cc(73)] ReadMemory at 0x7fffabb50000 of 64 bytes failed: Only part of a ReadProcessMemory or WriteProcessMemory request was completed. (0x12B)
[0710/203609.706:WARNING:pe_image_reader.cc(340)] could not read dos header from C:\windows\System32\msvcrt.dll
[0710/203609.706:ERROR:process_memory_win.cc(73)] ReadMemory at 0x7fffaada0000 of 64 bytes failed: Only part of a ReadProcessMemory or WriteProcessMemory request was completed. (0x12B)
[0710/203609.706:WARNING:pe_image_reader.cc(340)] could not read dos header from C:\windows\System32\bcryptPrimitives.dll
[0710/203609.706:ERROR:process_memory_win.cc(73)] ReadMemory at 0x7fffac990000 of 64 bytes failed: Only part of a ReadProcessMemory or WriteProcessMemory request was completed. (0x12B)
[0710/203609.706:WARNING:pe_image_reader.cc(340)] could not read dos header from C:\windows\System32\ADVAPI32.dll
[0710/203609.706:ERROR:process_memory_win.cc(73)] ReadMemory at 0x7fffacac0000 of 64 bytes failed: Only part of a ReadProcessMemory or WriteProcessMemory request was completed. (0x12B)
[0710/203609.706:WARNING:pe_image_reader.cc(340)] could not read dos header from C:\windows\System32\sechost.dll
[0710/203609.706:ERROR:process_memory_win.cc(73)] ReadMemory at 0x7fffac3f0000 of 64 bytes failed: Only part of a ReadProcessMemory or WriteProcessMemory request was completed. (0x12B)
[0710/203609.706:WARNING:pe_image_reader.cc(340)] could not read dos header from C:\windows\System32\RPCRT4.dll
[0710/203609.706:ERROR:process_memory_win.cc(73)] ReadMemory at 0x7fff64220000 of 64 bytes failed: Only part of a ReadProcessMemory or WriteProcessMemory request was completed. (0x12B)
[0710/203609.706:WARNING:pe_image_reader.cc(340)] could not read dos header from C:\Program Files (x86)\Google\Chrome\Application\83.0.4103.116\chrome.dll
[0710/203609.706:ERROR:process_memory_win.cc(73)] ReadMemory at 0x7fffad2b0000 of 64 bytes failed: Only part of a ReadProcessMemory or WriteProcessMemory request was completed. (0x12B)
[0710/203609.706:WARNING:pe_image_reader.cc(340)] could not read dos header from C:\windows\System32\WS2_32.dll
[0710/203609.706:ERROR:process_memory_win.cc(73)] ReadMemory at 0x7fffabd60000 of 64 bytes failed: Only part of a ReadProcessMemory or WriteProcessMemory request was completed. (0x12B)
[0710/203609.706:WARNING:pe_image_reader.cc(340)] could not read dos header from C:\windows\System32\OLEAUT32.dll
[0710/203609.706:ERROR:process_memory_win.cc(73)] ReadMemory at 0x7fffaa450000 of 64 bytes failed: Only part of a ReadProcessMemory or WriteProcessMemory request was completed. (0x12B)
[0710/203609.706:WARNING:pe_image_reader.cc(340)] could not read dos header from C:\windows\System32\msvcp_win.dll
[0710/203609.706:ERROR:process_memory_win.cc(73)] ReadMemory at 0x7fffaaca0000 of 64 bytes failed: Only part of a ReadProcessMemory or WriteProcessMemory request was completed. (0x12B)
[0710/203609.706:WARNING:pe_image_reader.cc(340)] could not read dos header from C:\windows\System32\ucrtbase.dll
[0710/203609.706:ERROR:process_memory_win.cc(73)] ReadMemory at 0x7fffab740000 of 64 bytes failed: Only part of a ReadProcessMemory or WriteProcessMemory request was completed. (0x12B)
[0710/203609.706:WARNING:pe_image_reader.cc(340)] could not read dos header from C:\windows\System32\combase.dll
[0710/203609.706:ERROR:process_memory_win.cc(73)] ReadMemory at 0x7fffab510000 of 64 bytes failed: Only part of a ReadProcessMemory or WriteProcessMemory request was completed. (0x12B)
[0710/203609.706:WARNING:pe_image_reader.cc(340)] could not read dos header from C:\windows\System32\WINTRUST.dll
[0710/203609.706:ERROR:process_memory_win.cc(73)] ReadMemory at 0x7fffaa390000 of 64 bytes failed: Only part of a ReadProcessMemory or WriteProcessMemory request was completed. (0x12B)
[0710/203609.706:WARNING:pe_image_reader.cc(340)] could not read dos header from C:\windows\System32\MSASN1.dll
[0710/203609.706:ERROR:process_memory_win.cc(73)] ReadMemory at 0x7fffab270000 of 64 bytes failed: Only part of a ReadProcessMemory or WriteProcessMemory request was completed. (0x12B)
[0710/203609.706:WARNING:pe_image_reader.cc(340)] could not read dos header from C:\windows\System32\CRYPT32.dll
[0710/203609.706:ERROR:process_memory_win.cc(73)] ReadMemory at 0x7fffa98a0000 of 64 bytes failed: Only part of a ReadProcessMemory or WriteProcessMemory request was completed. (0x12B)
[0710/203609.706:WARNING:pe_image_reader.cc(340)] could not read dos header from C:\windows\SYSTEM32\IPHLPAPI.DLL
[0710/203609.706:ERROR:process_memory_win.cc(73)] ReadMemory at 0x7fffa7e60000 of 64 bytes failed: Only part of a ReadProcessMemory or WriteProcessMemory request was completed. (0x12B)
[0710/203609.706:WARNING:pe_image_reader.cc(340)] could not read dos header from C:\windows\SYSTEM32\WINMM.dll
[0710/203609.706:ERROR:process_memory_win.cc(73)] ReadMemory at 0x7fff9e640000 of 64 bytes failed: Only part of a ReadProcessMemory or WriteProcessMemory request was completed. (0x12B)
[0710/203609.706:WARNING:pe_image_reader.cc(340)] could not read dos header from C:\windows\SYSTEM32\Secur32.dll
[0710/203609.706:ERROR:process_memory_win.cc(73)] ReadMemory at 0x7fffaa2a0000 of 64 bytes failed: Only part of a ReadProcessMemory or WriteProcessMemory request was completed. (0x12B)
[0710/203609.706:WARNING:pe_image_reader.cc(340)] could not read dos header from C:\windows\SYSTEM32\USERENV.dll
[0710/203609.706:ERROR:process_memory_win.cc(73)] ReadMemory at 0x7fffaa420000 of 64 bytes failed: Only part of a ReadProcessMemory or WriteProcessMemory request was completed. (0x12B)
[0710/203609.706:WARNING:pe_image_reader.cc(340)] could not read dos header from C:\windows\System32\profapi.dll
[0710/203609.706:ERROR:process_memory_win.cc(73)] ReadMemory at 0x7fff7f710000 of 64 bytes failed: Only part of a ReadProcessMemory or WriteProcessMemory request was completed. (0x12B)
[0710/203609.706:WARNING:pe_image_reader.cc(340)] could not read dos header from C:\windows\SYSTEM32\UIAutomationCore.DLL
[0710/203609.706:ERROR:process_memory_win.cc(73)] ReadMemory at 0x7fff967b0000 of 64 bytes failed: Only part of a ReadProcessMemory or WriteProcessMemory request was completed. (0x12B)
[0710/203609.706:WARNING:pe_image_reader.cc(340)] could not read dos header from C:\windows\SYSTEM32\DWrite.dll
[0710/203609.706:ERROR:process_memory_win.cc(73)] ReadMemory at 0x7fffa0cb0000 of 64 bytes failed: Only part of a ReadProcessMemory or WriteProcessMemory request was completed. (0x12B)
[0710/203609.706:WARNING:pe_image_reader.cc(340)] could not read dos header from C:\windows\SYSTEM32\WINSPOOL.DRV
[0710/203609.706:ERROR:process_memory_win.cc(73)] ReadMemory at 0x7fffaa3b0000 of 64 bytes failed: Only part of a ReadProcessMemory or WriteProcessMemory request was completed. (0x12B)
[0710/203609.706:WARNING:pe_image_reader.cc(340)] could not read dos header from C:\windows\System32\kernel.appcore.dll
[0710/203609.706:ERROR:process_memory_win.cc(73)] ReadMemory at 0x7fffab4e0000 of 64 bytes failed: Only part of a ReadProcessMemory or WriteProcessMemory request was completed. (0x12B)
[0710/203609.706:WARNING:pe_image_reader.cc(340)] could not read dos header from C:\windows\System32\bcrypt.dll
[0710/203609.706:ERROR:process_memory_win.cc(73)] ReadMemory at 0x7fff91e40000 of 64 bytes failed: Only part of a ReadProcessMemory or WriteProcessMemory request was completed. (0x12B)
[0710/203609.706:WARNING:pe_image_reader.cc(340)] could not read dos header from C:\windows\SYSTEM32\dbghelp.dll
[0710/203609.706:ERROR:process_memory_win.cc(73)] ReadMemory at 0x7fffa3fa0000 of 64 bytes failed: Only part of a ReadProcessMemory or WriteProcessMemory request was completed. (0x12B)
[0710/203609.706:WARNING:pe_image_reader.cc(340)] could not read dos header from C:\windows\SYSTEM32\WINHTTP.dll
[0710/203609.706:ERROR:process_memory_win.cc(73)] ReadMemory at 0x7fffa2380000 of 64 bytes failed: Only part of a ReadProcessMemory or WriteProcessMemory request was completed. (0x12B)
[0710/203609.706:WARNING:pe_image_reader.cc(340)] could not read dos header from C:\windows\SYSTEM32\dhcpcsvc.DLL
[0710/203609.706:ERROR:process_memory_win.cc(73)] ReadMemory at 0x254e41b0000 of 64 bytes failed: Only part of a ReadProcessMemory or WriteProcessMemory request was completed. (0x12B)
[0710/203609.706:WARNING:pe_image_reader.cc(340)] could not read dos header from C:\windows\System32\NSI.dll
[0710/203609.706:ERROR:process_memory_win.cc(73)] ReadMemory at 0x7fffa7e30000 of 64 bytes failed: Only part of a ReadProcessMemory or WriteProcessMemory request was completed. (0x12B)
[0710/203609.706:WARNING:pe_image_reader.cc(340)] could not read dos header from C:\windows\SYSTEM32\WINMMBASE.dll
[0710/203609.706:ERROR:process_memory_win.cc(73)] ReadMemory at 0x7fffab3c0000 of 64 bytes failed: Only part of a ReadProcessMemory or WriteProcessMemory request was completed. (0x12B)
[0710/203609.706:WARNING:pe_image_reader.cc(340)] could not read dos header from C:\windows\System32\cfgmgr32.dll
[0710/203609.706:ERROR:process_memory_win.cc(73)] ReadMemory at 0x7fffa6cf0000 of 64 bytes failed: Only part of a ReadProcessMemory or WriteProcessMemory request was completed. (0x12B)
[0710/203609.706:WARNING:pe_image_reader.cc(340)] could not read dos header from C:\windows\SYSTEM32\PROPSYS.dll
[0710/203609.706:ERROR:process_memory_win.cc(73)] ReadMemory at 0x7fffad320000 of 64 bytes failed: Only part of a ReadProcessMemory or WriteProcessMemory request was completed. (0x12B)
[0710/203609.706:WARNING:pe_image_reader.cc(340)] could not read dos header from C:\windows\System32\shcore.dll
[0710/203609.706:ERROR:process_memory_win.cc(73)] ReadMemory at 0x7fffaa270000 of 64 bytes failed: Only part of a ReadProcessMemory or WriteProcessMemory request was completed. (0x12B)
[0710/203609.706:WARNING:pe_image_reader.cc(340)] could not read dos header from C:\windows\SYSTEM32\SSPICLI.DLL
[0710/203609.706:ERROR:process_memory_win.cc(73)] ReadMemory at 0x7fffacbc0000 of 64 bytes failed: Only part of a ReadProcessMemory or WriteProcessMemory request was completed. (0x12B)
[0710/203609.706:WARNING:pe_image_reader.cc(340)] could not read dos header from C:\windows\System32\SHELL32.dll
[0710/203609.706:ERROR:process_memory_win.cc(73)] ReadMemory at 0x7fffaa4f0000 of 64 bytes failed: Only part of a ReadProcessMemory or WriteProcessMemory request was completed. (0x12B)
[0710/203609.706:WARNING:pe_image_reader.cc(340)] could not read dos header from C:\windows\System32\windows.storage.dll
[0710/203609.706:ERROR:process_memory_win.cc(73)] ReadMemory at 0x7fffaa3d0000 of 64 bytes failed: Only part of a ReadProcessMemory or WriteProcessMemory request was completed. (0x12B)
[0710/203609.706:WARNING:pe_image_reader.cc(340)] could not read dos header from C:\windows\System32\powrprof.dll
[0710/203609.706:ERROR:process_memory_win.cc(73)] ReadMemory at 0x7fffaa380000 of 64 bytes failed: Only part of a ReadProcessMemory or WriteProcessMemory request was completed. (0x12B)
[0710/203609.706:WARNING:pe_image_reader.cc(340)] could not read dos header from C:\windows\System32\UMPDC.dll
[0710/203609.706:ERROR:process_memory_win.cc(73)] ReadMemory at 0x7fffabe30000 of 64 bytes failed: Only part of a ReadProcessMemory or WriteProcessMemory request was completed. (0x12B)
[0710/203609.706:WARNING:pe_image_reader.cc(340)] could not read dos header from C:\windows\System32\shlwapi.dll
[0710/203609.706:ERROR:process_memory_win.cc(73)] ReadMemory at 0x7fffabc90000 of 64 bytes failed: Only part of a ReadProcessMemory or WriteProcessMemory request was completed. (0x12B)
[0710/203609.706:WARNING:pe_image_reader.cc(340)] could not read dos header from C:\windows\System32\GDI32.dll
[0710/203609.706:ERROR:process_memory_win.cc(73)] ReadMemory at 0x7fffaac70000 of 64 bytes failed: Only part of a ReadProcessMemory or WriteProcessMemory request was completed. (0x12B)
[0710/203609.706:WARNING:pe_image_reader.cc(340)] could not read dos header from C:\windows\System32\win32u.dll
[0710/203609.706:ERROR:process_memory_win.cc(73)] ReadMemory at 0x7fffaae20000 of 64 bytes failed: Only part of a ReadProcessMemory or WriteProcessMemory request was completed. (0x12B)
[0710/203609.706:WARNING:pe_image_reader.cc(340)] could not read dos header from C:\windows\System32\gdi32full.dll
[0710/203609.706:ERROR:process_memory_win.cc(73)] ReadMemory at 0x7fffac0a0000 of 64 bytes failed: Only part of a ReadProcessMemory or WriteProcessMemory request was completed. (0x12B)
[0710/203609.706:WARNING:pe_image_reader.cc(340)] could not read dos header from C:\windows\System32\USER32.dll
[0710/203609.706:ERROR:process_memory_win.cc(73)] ReadMemory at 0x7fffab410000 of 64 bytes failed: Only part of a ReadProcessMemory or WriteProcessMemory request was completed. (0x12B)
[0710/203609.706:WARNING:pe_image_reader.cc(340)] could not read dos header from C:\windows\System32\cryptsp.dll
[0710/203609.706:ERROR:process_memory_win.cc(73)] ReadMemory at 0x254e5f30000 of 64 bytes failed: Only part of a ReadProcessMemory or WriteProcessMemory request was completed. (0x12B)
[0710/203609.706:WARNING:pe_image_reader.cc(340)] could not read dos header from C:\windows\System32\IMM32.DLL
[0710/203609.706:ERROR:process_memory_win.cc(73)] ReadMemory at 0x7fffa9d60000 of 64 bytes failed: Only part of a ReadProcessMemory or WriteProcessMemory request was completed. (0x12B)
[0710/203609.706:WARNING:pe_image_reader.cc(340)] could not read dos header from C:\windows\SYSTEM32\CRYPTBASE.DLL
[0710/203609.706:ERROR:process_memory_win.cc(73)] ReadMemory at 0x7ff7749a0000 of 64 bytes failed: Only part of a ReadProcessMemory or WriteProcessMemory request was completed. (0x12B)
[0710/203609.706:WARNING:pe_image_reader.cc(340)] could not read dos header from C:\Program Files (x86)\Google\Chrome\Application\chrome.exe
[0710/203609.706:ERROR:process_memory_win.cc(73)] ReadMemory at 0x7fffad4c0000 of 64 bytes failed: Only part of a ReadProcessMemory or WriteProcessMemory request was completed. (0x12B)
[0710/203609.706:WARNING:pe_image_reader.cc(340)] could not read dos header from C:\windows\SYSTEM32\ntdll.dll
[0710/203609.706:ERROR:process_memory_win.cc(73)] ReadMemory at 0x7fffaba80000 of 64 bytes failed: Only part of a ReadProcessMemory or WriteProcessMemory request was completed. (0x12B)
[0710/203609.706:WARNING:pe_image_reader.cc(340)] could not read dos header from C:\windows\System32\KERNEL32.DLL
[0710/203609.706:ERROR:process_memory_win.cc(73)] ReadMemory at 0x7fffaafc0000 of 64 bytes failed: Only part of a ReadProcessMemory or WriteProcessMemory request was completed. (0x12B)
[0710/203609.706:WARNING:pe_image_reader.cc(340)] could not read dos header from C:\windows\System32\KERNELBASE.dll
[0710/203609.706:ERROR:process_memory_win.cc(73)] ReadMemory at 0x7fff6c240000 of 64 bytes failed: Only part of a ReadProcessMemory or WriteProcessMemory request was completed. (0x12B)
[0710/203609.706:WARNING:pe_image_reader.cc(340)] could not read dos header from C:\Program Files (x86)\Google\Chrome\Application\83.0.4103.116\chrome_elf.dll
[0710/203609.706:ERROR:process_memory_win.cc(73)] ReadMemory at 0x7fffa2250000 of 64 bytes failed: Only part of a ReadProcessMemory or WriteProcessMemory request was completed. (0x12B)
[0710/203609.706:WARNING:pe_image_reader.cc(340)] could not read dos header from C:\windows\SYSTEM32\VERSION.dll
[0710/203609.706:ERROR:process_memory_win.cc(73)] ReadMemory at 0x7fffabb50000 of 64 bytes failed: Only part of a ReadProcessMemory or WriteProcessMemory request was completed. (0x12B)
[0710/203609.706:WARNING:pe_image_reader.cc(340)] could not read dos header from C:\windows\System32\msvcrt.dll
[0710/203609.706:ERROR:process_memory_win.cc(73)] ReadMemory at 0x7fffaada0000 of 64 bytes failed: Only part of a ReadProcessMemory or WriteProcessMemory request was completed. (0x12B)
[0710/203609.706:WARNING:pe_image_reader.cc(340)] could not read dos header from C:\windows\System32\bcryptPrimitives.dll
[0710/203609.706:ERROR:process_memory_win.cc(73)] ReadMemory at 0x7fffac990000 of 64 bytes failed: Only part of a ReadProcessMemory or WriteProcessMemory request was completed. (0x12B)
[0710/203609.706:WARNING:pe_image_reader.cc(340)] could not read dos header from C:\windows\System32\ADVAPI32.dll
[0710/203609.706:ERROR:process_memory_win.cc(73)] ReadMemory at 0x7fffacac0000 of 64 bytes failed: Only part of a ReadProcessMemory or WriteProcessMemory request was completed. (0x12B)
[0710/203609.706:WARNING:pe_image_reader.cc(340)] could not read dos header from C:\windows\System32\sechost.dll
[0710/203609.706:ERROR:process_memory_win.cc(73)] ReadMemory at 0x7fffac3f0000 of 64 bytes failed: Only part of a ReadProcessMemory or WriteProcessMemory request was completed. (0x12B)
[0710/203609.706:WARNING:pe_image_reader.cc(340)] could not read dos header from C:\windows\System32\RPCRT4.dll
[0710/203609.706:ERROR:process_memory_win.cc(73)] ReadMemory at 0x7fff64220000 of 64 bytes failed: Only part of a ReadProcessMemory or WriteProcessMemory request was completed. (0x12B)
[0710/203609.706:WARNING:pe_image_reader.cc(340)] could not read dos header from C:\Program Files (x86)\Google\Chrome\Application\83.0.4103.116\chrome.dll
[0710/203609.706:ERROR:process_memory_win.cc(73)] ReadMemory at 0x7fffad2b0000 of 64 bytes failed: Only part of a ReadProcessMemory or WriteProcessMemory request was completed. (0x12B)
[0710/203609.706:WARNING:pe_image_reader.cc(340)] could not read dos header from C:\windows\System32\WS2_32.dll
[0710/203609.706:ERROR:process_memory_win.cc(73)] ReadMemory at 0x7fffabd60000 of 64 bytes failed: Only part of a ReadProcessMemory or WriteProcessMemory request was completed. (0x12B)
[0710/203609.706:WARNING:pe_image_reader.cc(340)] could not read dos header from C:\windows\System32\OLEAUT32.dll
[0710/203609.706:ERROR:process_memory_win.cc(73)] ReadMemory at 0x7fffaa450000 of 64 bytes failed: Only part of a ReadProcessMemory or WriteProcessMemory request was completed. (0x12B)
[0710/203609.706:WARNING:pe_image_reader.cc(340)] could not read dos header from C:\windows\System32\msvcp_win.dll
[0710/203609.706:ERROR:process_memory_win.cc(73)] ReadMemory at 0x7fffaaca0000 of 64 bytes failed: Only part of a ReadProcessMemory or WriteProcessMemory request was completed. (0x12B)
[0710/203609.706:WARNING:pe_image_reader.cc(340)] could not read dos header from C:\windows\System32\ucrtbase.dll
[0710/203609.706:ERROR:process_memory_win.cc(73)] ReadMemory at 0x7fffab740000 of 64 bytes failed: Only part of a ReadProcessMemory or WriteProcessMemory request was completed. (0x12B)
[0710/203609.706:WARNING:pe_image_reader.cc(340)] could not read dos header from C:\windows\System32\combase.dll
[0710/203609.706:ERROR:process_memory_win.cc(73)] ReadMemory at 0x7fffab510000 of 64 bytes failed: Only part of a ReadProcessMemory or WriteProcessMemory request was completed. (0x12B)
[0710/203609.706:WARNING:pe_image_reader.cc(340)] could not read dos header from C:\windows\System32\WINTRUST.dll
[0710/203609.706:ERROR:process_memory_win.cc(73)] ReadMemory at 0x7fffaa390000 of 64 bytes failed: Only part of a ReadProcessMemory or WriteProcessMemory request was completed. (0x12B)
[0710/203609.706:WARNING:pe_image_reader.cc(340)] could not read dos header from C:\windows\System32\MSASN1.dll
[0710/203609.706:ERROR:process_memory_win.cc(73)] ReadMemory at 0x7fffab270000 of 64 bytes failed: Only part of a ReadProcessMemory or WriteProcessMemory request was completed. (0x12B)
[0710/203609.706:WARNING:pe_image_reader.cc(340)] could not read dos header from C:\windows\System32\CRYPT32.dll
[0710/203609.706:ERROR:process_memory_win.cc(73)] ReadMemory at 0x7fffa98a0000 of 64 bytes failed: Only part of a ReadProcessMemory or WriteProcessMemory request was completed. (0x12B)
[0710/203609.706:WARNING:pe_image_reader.cc(340)] could not read dos header from C:\windows\SYSTEM32\IPHLPAPI.DLL
[0710/203609.706:ERROR:process_memory_win.cc(73)] ReadMemory at 0x7fffa7e60000 of 64 bytes failed: Only part of a ReadProcessMemory or WriteProcessMemory request was completed. (0x12B)
[0710/203609.706:WARNING:pe_image_reader.cc(340)] could not read dos header from C:\windows\SYSTEM32\WINMM.dll
[0710/203609.706:ERROR:process_memory_win.cc(73)] ReadMemory at 0x7fff9e640000 of 64 bytes failed: Only part of a ReadProcessMemory or WriteProcessMemory request was completed. (0x12B)
[0710/203609.706:WARNING:pe_image_reader.cc(340)] could not read dos header from C:\windows\SYSTEM32\Secur32.dll
[0710/203609.706:ERROR:process_memory_win.cc(73)] ReadMemory at 0x7fffaa2a0000 of 64 bytes failed: Only part of a ReadProcessMemory or WriteProcessMemory request was completed. (0x12B)
[0710/203609.706:WARNING:pe_image_reader.cc(340)] could not read dos header from C:\windows\SYSTEM32\USERENV.dll
[0710/203609.706:ERROR:process_memory_win.cc(73)] ReadMemory at 0x7fffaa420000 of 64 bytes failed: Only part of a ReadProcessMemory or WriteProcessMemory request was completed. (0x12B)
[0710/203609.706:WARNING:pe_image_reader.cc(340)] could not read dos header from C:\windows\System32\profapi.dll
[0710/203609.706:ERROR:process_memory_win.cc(73)] ReadMemory at 0x7fff7f710000 of 64 bytes failed: Only part of a ReadProcessMemory or WriteProcessMemory request was completed. (0x12B)
[0710/203609.706:WARNING:pe_image_reader.cc(340)] could not read dos header from C:\windows\SYSTEM32\UIAutomationCore.DLL
[0710/203609.706:ERROR:process_memory_win.cc(73)] ReadMemory at 0x7fff967b0000 of 64 bytes failed: Only part of a ReadProcessMemory or WriteProcessMemory request was completed. (0x12B)
[0710/203609.706:WARNING:pe_image_reader.cc(340)] could not read dos header from C:\windows\SYSTEM32\DWrite.dll
[0710/203609.706:ERROR:process_memory_win.cc(73)] ReadMemory at 0x7fffa0cb0000 of 64 bytes failed: Only part of a ReadProcessMemory or WriteProcessMemory request was completed. (0x12B)
[0710/203609.706:WARNING:pe_image_reader.cc(340)] could not read dos header from C:\windows\SYSTEM32\WINSPOOL.DRV
[0710/203609.706:ERROR:process_memory_win.cc(73)] ReadMemory at 0x7fffaa3b0000 of 64 bytes failed: Only part of a ReadProcessMemory or WriteProcessMemory request was completed. (0x12B)
[0710/203609.706:WARNING:pe_image_reader.cc(340)] could not read dos header from C:\windows\System32\kernel.appcore.dll
[0710/203609.706:ERROR:process_memory_win.cc(73)] ReadMemory at 0x7fffab4e0000 of 64 bytes failed: Only part of a ReadProcessMemory or WriteProcessMemory request was completed. (0x12B)
[0710/203609.706:WARNING:pe_image_reader.cc(340)] could not read dos header from C:\windows\System32\bcrypt.dll
[0710/203609.706:ERROR:process_memory_win.cc(73)] ReadMemory at 0x7fff91e40000 of 64 bytes failed: Only part of a ReadProcessMemory or WriteProcessMemory request was completed. (0x12B)
[0710/203609.706:WARNING:pe_image_reader.cc(340)] could not read dos header from C:\windows\SYSTEM32\dbghelp.dll
[0710/203609.706:ERROR:process_memory_win.cc(73)] ReadMemory at 0x7fffa3fa0000 of 64 bytes failed: Only part of a ReadProcessMemory or WriteProcessMemory request was completed. (0x12B)
[0710/203609.706:WARNING:pe_image_reader.cc(340)] could not read dos header from C:\windows\SYSTEM32\WINHTTP.dll
[0710/203609.706:ERROR:process_memory_win.cc(73)] ReadMemory at 0x7fffa2380000 of 64 bytes failed: Only part of a ReadProcessMemory or WriteProcessMemory request was completed. (0x12B)
[0710/203609.706:WARNING:pe_image_reader.cc(340)] could not read dos header from C:\windows\SYSTEM32\dhcpcsvc.DLL
[0710/203609.706:ERROR:process_memory_win.cc(73)] ReadMemory at 0x254e41b0000 of 64 bytes failed: Only part of a ReadProcessMemory or WriteProcessMemory request was completed. (0x12B)
[0710/203609.706:WARNING:pe_image_reader.cc(340)] could not read dos header from C:\windows\System32\NSI.dll
[0710/203609.706:ERROR:process_memory_win.cc(73)] ReadMemory at 0x7fffa7e30000 of 64 bytes failed: Only part of a ReadProcessMemory or WriteProcessMemory request was completed. (0x12B)
[0710/203609.706:WARNING:pe_image_reader.cc(340)] could not read dos header from C:\windows\SYSTEM32\WINMMBASE.dll
[0710/203609.706:ERROR:process_memory_win.cc(73)] ReadMemory at 0x7fffab3c0000 of 64 bytes failed: Only part of a ReadProcessMemory or WriteProcessMemory request was completed. (0x12B)
[0710/203609.706:WARNING:pe_image_reader.cc(340)] could not read dos header from C:\windows\System32\cfgmgr32.dll
[0710/203609.706:ERROR:process_memory_win.cc(73)] ReadMemory at 0x7fffa6cf0000 of 64 bytes failed: Only part of a ReadProcessMemory or WriteProcessMemory request was completed. (0x12B)
[0710/203609.706:WARNING:pe_image_reader.cc(340)] could not read dos header from C:\windows\SYSTEM32\PROPSYS.dll
[0710/203609.706:ERROR:process_memory_win.cc(73)] ReadMemory at 0x7fffad320000 of 64 bytes failed: Only part of a ReadProcessMemory or WriteProcessMemory request was completed. (0x12B)
[0710/203609.714:WARNING:pe_image_reader.cc(340)] could not read dos header from C:\windows\System32\shcore.dll
[0710/203609.714:ERROR:process_memory_win.cc(73)] ReadMemory at 0x7fffaa270000 of 64 bytes failed: Only part of a ReadProcessMemory or WriteProcessMemory request was completed. (0x12B)
[0710/203609.714:WARNING:pe_image_reader.cc(340)] could not read dos header from C:\windows\SYSTEM32\SSPICLI.DLL
[0710/203609.714:ERROR:process_memory_win.cc(73)] ReadMemory at 0x7fffacbc0000 of 64 bytes failed: Only part of a ReadProcessMemory or WriteProcessMemory request was completed. (0x12B)
[0710/203609.714:WARNING:pe_image_reader.cc(340)] could not read dos header from C:\windows\System32\SHELL32.dll
[0710/203609.714:ERROR:process_memory_win.cc(73)] ReadMemory at 0x7fffaa4f0000 of 64 bytes failed: Only part of a ReadProcessMemory or WriteProcessMemory request was completed. (0x12B)
[0710/203609.714:WARNING:pe_image_reader.cc(340)] could not read dos header from C:\windows\System32\windows.storage.dll
[0710/203609.714:ERROR:process_memory_win.cc(73)] ReadMemory at 0x7fffaa3d0000 of 64 bytes failed: Only part of a ReadProcessMemory or WriteProcessMemory request was completed. (0x12B)
[0710/203609.714:WARNING:pe_image_reader.cc(340)] could not read dos header from C:\windows\System32\powrprof.dll
[0710/203609.714:ERROR:process_memory_win.cc(73)] ReadMemory at 0x7fffaa380000 of 64 bytes failed: Only part of a ReadProcessMemory or WriteProcessMemory request was completed. (0x12B)
[0710/203609.714:WARNING:pe_image_reader.cc(340)] could not read dos header from C:\windows\System32\UMPDC.dll
[0710/203609.714:ERROR:process_memory_win.cc(73)] ReadMemory at 0x7fffabe30000 of 64 bytes failed: Only part of a ReadProcessMemory or WriteProcessMemory request was completed. (0x12B)
[0710/203609.714:WARNING:pe_image_reader.cc(340)] could not read dos header from C:\windows\System32\shlwapi.dll
[0710/203609.714:ERROR:process_memory_win.cc(73)] ReadMemory at 0x7fffabc90000 of 64 bytes failed: Only part of a ReadProcessMemory or WriteProcessMemory request was completed. (0x12B)
[0710/203609.714:WARNING:pe_image_reader.cc(340)] could not read dos header from C:\windows\System32\GDI32.dll
[0710/203609.714:ERROR:process_memory_win.cc(73)] ReadMemory at 0x7fffaac70000 of 64 bytes failed: Only part of a ReadProcessMemory or WriteProcessMemory request was completed. (0x12B)
[0710/203609.714:WARNING:pe_image_reader.cc(340)] could not read dos header from C:\windows\System32\win32u.dll
[0710/203609.714:ERROR:process_memory_win.cc(73)] ReadMemory at 0x7fffaae20000 of 64 bytes failed: Only part of a ReadProcessMemory or WriteProcessMemory request was completed. (0x12B)
[0710/203609.714:WARNING:pe_image_reader.cc(340)] could not read dos header from C:\windows\System32\gdi32full.dll
[0710/203609.714:ERROR:process_memory_win.cc(73)] ReadMemory at 0x7fffac0a0000 of 64 bytes failed: Only part of a ReadProcessMemory or WriteProcessMemory request was completed. (0x12B)
[0710/203609.714:WARNING:pe_image_reader.cc(340)] could not read dos header from C:\windows\System32\USER32.dll
[0710/203609.714:ERROR:process_memory_win.cc(73)] ReadMemory at 0x7fffab410000 of 64 bytes failed: Only part of a ReadProcessMemory or WriteProcessMemory request was completed. (0x12B)
[0710/203609.714:WARNING:pe_image_reader.cc(340)] could not read dos header from C:\windows\System32\cryptsp.dll
[0710/203609.714:ERROR:process_memory_win.cc(73)] ReadMemory at 0x254e5f30000 of 64 bytes failed: Only part of a ReadProcessMemory or WriteProcessMemory request was completed. (0x12B)
[0710/203609.714:WARNING:pe_image_reader.cc(340)] could not read dos header from C:\windows\System32\IMM32.DLL
[0710/203609.714:ERROR:process_memory_win.cc(73)] ReadMemory at 0x7fffa9d60000 of 64 bytes failed: Only part of a ReadProcessMemory or WriteProcessMemory request was completed. (0x12B)
[0710/203609.714:WARNING:pe_image_reader.cc(340)] could not read dos header from C:\windows\SYSTEM32\CRYPTBASE.DLL
[0710/203609.794:ERROR:process_memory_win.cc(73)] ReadMemory at 0x712bbd9000 of 159744 bytes failed: Only part of a ReadProcessMemory or WriteProcessMemory request was completed. (0x12B)
[0710/203609.794:ERROR:process_memory_win.cc(73)] ReadMemory at 0x712c3fd000 of 12288 bytes failed: Only part of a ReadProcessMemory or WriteProcessMemory request was completed. (0x12B)
[0710/203609.794:ERROR:process_memory_win.cc(73)] ReadMemory at 0x712d3fd000 of 12288 bytes failed: Only part of a ReadProcessMemory or WriteProcessMemory request was completed. (0x12B)
[0710/203609.794:ERROR:process_memory_win.cc(73)] ReadMemory at 0x712dbfc000 of 16384 bytes failed: Only part of a ReadProcessMemory or WriteProcessMemory request was completed. (0x12B)
[0710/203609.794:ERROR:process_memory_win.cc(73)] ReadMemory at 0x712e3fe000 of 8192 bytes failed: Only part of a ReadProcessMemory or WriteProcessMemory request was completed. (0x12B)
[0710/203609.794:ERROR:process_memory_win.cc(73)] ReadMemory at 0x712ebfd000 of 12288 bytes failed: Only part of a ReadProcessMemory or WriteProcessMemory request was completed. (0x12B)
[0710/203609.794:ERROR:process_memory_win.cc(73)] ReadMemory at 0x712f3fb000 of 20480 bytes failed: Only part of a ReadProcessMemory or WriteProcessMemory request was completed. (0x12B)
[0710/203609.794:ERROR:process_memory_win.cc(73)] ReadMemory at 0x71303fb000 of 20480 bytes failed: Only part of a ReadProcessMemory or WriteProcessMemory request was completed. (0x12B)
[0710/203609.794:ERROR:process_memory_win.cc(73)] ReadMemory at 0x7130bf6000 of 40960 bytes failed: Only part of a ReadProcessMemory or WriteProcessMemory request was completed. (0x12B)
[0710/203609.794:ERROR:process_memory_win.cc(73)] ReadMemory at 0x71313f5000 of 45056 bytes failed: Only part of a ReadProcessMemory or WriteProcessMemory request was completed. (0x12B)
[0710/203609.794:ERROR:process_memory_win.cc(73)] ReadMemory at 0x7131bf5000 of 45056 bytes failed: Only part of a ReadProcessMemory or WriteProcessMemory request was completed. (0x12B)
[0710/203609.794:ERROR:process_memory_win.cc(73)] ReadMemory at 0x71323f5000 of 45056 bytes failed: Only part of a ReadProcessMemory or WriteProcessMemory request was completed. (0x12B)
[0710/203609.794:ERROR:process_memory_win.cc(73)] ReadMemory at 0x7132bfd000 of 12288 bytes failed: Only part of a ReadProcessMemory or WriteProcessMemory request was completed. (0x12B)
[0710/203609.794:ERROR:process_memory_win.cc(73)] ReadMemory at 0x712fbfd000 of 12288 bytes failed: Only part of a ReadProcessMemory or WriteProcessMemory request was completed. (0x12B)
[0710/203609.794:ERROR:process_memory_win.cc(73)] ReadMemory at 0x7136bfc000 of 16384 bytes failed: Only part of a ReadProcessMemory or WriteProcessMemory request was completed. (0x12B)
[0710/203609.794:ERROR:process_memory_win.cc(73)] ReadMemory at 0x712b372000 of 852 bytes failed: Only part of a ReadProcessMemory or WriteProcessMemory request was completed. (0x12B)
[0710/203609.794:ERROR:process_memory_win.cc(73)] ReadMemory at 0x712b373000 of 6024 bytes failed: Only part of a ReadProcessMemory or WriteProcessMemory request was completed. (0x12B)
[0710/203609.794:ERROR:process_memory_win.cc(73)] ReadMemory at 0x712b375000 of 6024 bytes failed: Only part of a ReadProcessMemory or WriteProcessMemory request was completed. (0x12B)
[0710/203609.794:ERROR:process_memory_win.cc(73)] ReadMemory at 0x712b379000 of 6024 bytes failed: Only part of a ReadProcessMemory or WriteProcessMemory request was completed. (0x12B)
[0710/203609.794:ERROR:process_memory_win.cc(73)] ReadMemory at 0x712b37b000 of 6024 bytes failed: Only part of a ReadProcessMemory or WriteProcessMemory request was completed. (0x12B)
[0710/203609.794:ERROR:process_memory_win.cc(73)] ReadMemory at 0x712b37d000 of 6024 bytes failed: Only part of a ReadProcessMemory or WriteProcessMemory request was completed. (0x12B)
[0710/203609.794:ERROR:process_memory_win.cc(73)] ReadMemory at 0x712b37f000 of 6024 bytes failed: Only part of a ReadProcessMemory or WriteProcessMemory request was completed. (0x12B)
[0710/203609.794:ERROR:process_memory_win.cc(73)] ReadMemory at 0x712b381000 of 6024 bytes failed: Only part of a ReadProcessMemory or WriteProcessMemory request was completed. (0x12B)
[0710/203609.794:ERROR:process_memory_win.cc(73)] ReadMemory at 0x712b385000 of 6024 bytes failed: Only part of a ReadProcessMemory or WriteProcessMemory request was completed. (0x12B)
[0710/203609.794:ERROR:process_memory_win.cc(73)] ReadMemory at 0x712b387000 of 6024 bytes failed: Only part of a ReadProcessMemory or WriteProcessMemory request was completed. (0x12B)
[0710/203609.794:ERROR:process_memory_win.cc(73)] ReadMemory at 0x712b389000 of 6024 bytes failed: Only part of a ReadProcessMemory or WriteProcessMemory request was completed. (0x12B)
[0710/203609.794:ERROR:process_memory_win.cc(73)] ReadMemory at 0x712b38b000 of 6024 bytes failed: Only part of a ReadProcessMemory or WriteProcessMemory request was completed. (0x12B)
[0710/203609.794:ERROR:process_memory_win.cc(73)] ReadMemory at 0x712b38d000 of 6024 bytes failed: Only part of a ReadProcessMemory or WriteProcessMemory request was completed. (0x12B)
[0710/203609.794:ERROR:process_memory_win.cc(73)] ReadMemory at 0x712b38f000 of 6024 bytes failed: Only part of a ReadProcessMemory or WriteProcessMemory request was completed. (0x12B)
[0710/203609.794:ERROR:process_memory_win.cc(73)] ReadMemory at 0x712b3a1000 of 6024 bytes failed: Only part of a ReadProcessMemory or WriteProcessMemory request was completed. (0x12B)
[0710/203609.794:ERROR:process_memory_win.cc(73)] ReadMemory at 0x712b3ad000 of 6024 bytes failed: Only part of a ReadProcessMemory or WriteProcessMemory request was completed. (0x12B)
[0710/203609.794:ERROR:process_memory_win.cc(73)] ReadMemory at 0x254e4050750 of 80 bytes failed: Only part of a ReadProcessMemory or WriteProcessMemory request was completed. (0x12B)
[0710/203609.794:ERROR:process_memory_win.cc(73)] ReadMemory at 0x254e40521a0 of 1012 bytes failed: Only part of a ReadProcessMemory or WriteProcessMemory request was completed. (0x12B)
[0710/203609.794:ERROR:process_memory_win.cc(73)] ReadMemory at 0x254e40527e8 of 118 bytes failed: Only part of a ReadProcessMemory or WriteProcessMemory request was completed. (0x12B)
[0710/203609.794:ERROR:process_memory_win.cc(73)] ReadMemory at 0x254e4052860 of 1264 bytes failed: Only part of a ReadProcessMemory or WriteProcessMemory request was completed. (0x12B)
[0710/203609.794:ERROR:process_memory_win.cc(73)] ReadMemory at 0x254e4052d52 of 118 bytes failed: Only part of a ReadProcessMemory or WriteProcessMemory request was completed. (0x12B)
[0710/203609.802:ERROR:process_memory_win.cc(73)] ReadMemory at 0x254e4052dca of 96 bytes failed: Only part of a ReadProcessMemory or WriteProcessMemory request was completed. (0x12B)
[0710/203609.802:ERROR:process_memory_win.cc(73)] ReadMemory at 0x254e4052e40 of 58 bytes failed: Only part of a ReadProcessMemory or WriteProcessMemory request was completed. (0x12B)
[0710/203609.802:ERROR:process_memory_win.cc(73)] ReadMemory at 0x254e4052f40 of 132 bytes failed: Only part of a ReadProcessMemory or WriteProcessMemory request was completed. (0x12B)
[0710/203609.802:ERROR:process_memory_win.cc(73)] ReadMemory at 0x254e40530d0 of 132 bytes failed: Only part of a ReadProcessMemory or WriteProcessMemory request was completed. (0x12B)
[0710/203609.802:ERROR:process_memory_win.cc(73)] ReadMemory at 0x254e4053290 of 126 bytes failed: Only part of a ReadProcessMemory or WriteProcessMemory request was completed. (0x12B)
[0710/203609.802:ERROR:process_memory_win.cc(73)] ReadMemory at 0x254e4053670 of 132 bytes failed: Only part of a ReadProcessMemory or WriteProcessMemory request was completed. (0x12B)
[0710/203609.802:ERROR:process_memory_win.cc(73)] ReadMemory at 0x254e4053800 of 64 bytes failed: Only part of a ReadProcessMemory or WriteProcessMemory request was completed. (0x12B)
[0710/203609.802:ERROR:process_memory_win.cc(73)] ReadMemory at 0x254e4053850 of 132 bytes failed: Only part of a ReadProcessMemory or WriteProcessMemory request was completed. (0x12B)
[0710/203609.802:ERROR:process_memory_win.cc(73)] ReadMemory at 0x254e40539c0 of 132 bytes failed: Only part of a ReadProcessMemory or WriteProcessMemory request was completed. (0x12B)
[0710/203609.802:ERROR:process_memory_win.cc(73)] ReadMemory at 0x254e4053c60 of 132 bytes failed: Only part of a ReadProcessMemory or WriteProcessMemory request was completed. (0x12B)
[0710/203609.802:ERROR:process_memory_win.cc(73)] ReadMemory at 0x254e4053df0 of 68 bytes failed: Only part of a ReadProcessMemory or WriteProcessMemory request was completed. (0x12B)
[0710/203609.802:ERROR:process_memory_win.cc(73)] ReadMemory at 0x254e4054fd0 of 132 bytes failed: Only part of a ReadProcessMemory or WriteProcessMemory request was completed. (0x12B)
[0710/203609.802:ERROR:process_memory_win.cc(73)] ReadMemory at 0x254e4055160 of 154 bytes failed: Only part of a ReadProcessMemory or WriteProcessMemory request was completed. (0x12B)
[0710/203609.802:ERROR:process_memory_win.cc(73)] ReadMemory at 0x254e4055f40 of 62 bytes failed: Only part of a ReadProcessMemory or WriteProcessMemory request was completed. (0x12B)
[0710/203609.802:ERROR:process_memory_win.cc(73)] ReadMemory at 0x254e4055f90 of 132 bytes failed: Only part of a ReadProcessMemory or WriteProcessMemory request was completed. (0x12B)
[0710/203609.802:ERROR:process_memory_win.cc(73)] ReadMemory at 0x254e4056130 of 132 bytes failed: Only part of a ReadProcessMemory or WriteProcessMemory request was completed. (0x12B)
[0710/203609.802:ERROR:process_memory_win.cc(73)] ReadMemory at 0x254e4056260 of 60 bytes failed: Only part of a ReadProcessMemory or WriteProcessMemory request was completed. (0x12B)
[0710/203609.802:ERROR:process_memory_win.cc(73)] ReadMemory at 0x254e4056a2c of 512 bytes failed: Only part of a ReadProcessMemory or WriteProcessMemory request was completed. (0x12B)
[0710/203609.802:ERROR:process_memory_win.cc(73)] ReadMemory at 0x254e4058590 of 132 bytes failed: Only part of a ReadProcessMemory or WriteProcessMemory request was completed. (0x12B)
[0710/203609.802:ERROR:process_memory_win.cc(73)] ReadMemory at 0x254e405b490 of 60 bytes failed: Only part of a ReadProcessMemory or WriteProcessMemory request was completed. (0x12B)
[0710/203609.802:ERROR:process_memory_win.cc(73)] ReadMemory at 0x254e405b4e0 of 66 bytes failed: Only part of a ReadProcessMemory or WriteProcessMemory request was completed. (0x12B)
[0710/203609.802:ERROR:process_memory_win.cc(73)] ReadMemory at 0x254e405b530 of 64 bytes failed: Only part of a ReadProcessMemory or WriteProcessMemory request was completed. (0x12B)
[0710/203609.802:ERROR:process_memory_win.cc(73)] ReadMemory at 0x254e405b580 of 64 bytes failed: Only part of a ReadProcessMemory or WriteProcessMemory request was completed. (0x12B)
[0710/203609.802:ERROR:process_memory_win.cc(73)] ReadMemory at 0x254e405b620 of 64 bytes failed: Only part of a ReadProcessMemory or WriteProcessMemory request was completed. (0x12B)
[0710/203609.802:ERROR:process_memory_win.cc(73)] ReadMemory at 0x254e405b800 of 62 bytes failed: Only part of a ReadProcessMemory or WriteProcessMemory request was completed. (0x12B)
[0710/203609.802:ERROR:process_memory_win.cc(73)] ReadMemory at 0x254e405ba80 of 60 bytes failed: Only part of a ReadProcessMemory or WriteProcessMemory request was completed. (0x12B)
[0710/203609.802:ERROR:process_memory_win.cc(73)] ReadMemory at 0x254e405bad0 of 64 bytes failed: Only part of a ReadProcessMemory or WriteProcessMemory request was completed. (0x12B)
[0710/203609.802:ERROR:process_memory_win.cc(73)] ReadMemory at 0x254e405bb20 of 62 bytes failed: Only part of a ReadProcessMemory or WriteProcessMemory request was completed. (0x12B)
[0710/203609.802:ERROR:process_memory_win.cc(73)] ReadMemory at 0x254e405be70 of 132 bytes failed: Only part of a ReadProcessMemory or WriteProcessMemory request was completed. (0x12B)
[0710/203609.802:ERROR:process_memory_win.cc(73)] ReadMemory at 0x254e405cfb0 of 132 bytes failed: Only part of a ReadProcessMemory or WriteProcessMemory request was completed. (0x12B)
[0710/203609.802:ERROR:process_memory_win.cc(73)] ReadMemory at 0x254e405d0e0 of 132 bytes failed: Only part of a ReadProcessMemory or WriteProcessMemory request was completed. (0x12B)
[0710/203609.802:ERROR:process_memory_win.cc(73)] ReadMemory at 0x254e405d350 of 132 bytes failed: Only part of a ReadProcessMemory or WriteProcessMemory request was completed. (0x12B)
[0710/203609.802:ERROR:process_memory_win.cc(73)] ReadMemory at 0x254e405d560 of 132 bytes failed: Only part of a ReadProcessMemory or WriteProcessMemory request was completed. (0x12B)
[0710/203609.802:ERROR:process_memory_win.cc(73)] ReadMemory at 0x254e405e240 of 54 bytes failed: Only part of a ReadProcessMemory or WriteProcessMemory request was completed. (0x12B)
[0710/203609.802:ERROR:process_memory_win.cc(73)] ReadMemory at 0x254e405ef80 of 132 bytes failed: Only part of a ReadProcessMemory or WriteProcessMemory request was completed. (0x12B)
[0710/203609.802:ERROR:process_memory_win.cc(73)] ReadMemory at 0x254e4062190 of 132 bytes failed: Only part of a ReadProcessMemory or WriteProcessMemory request was completed. (0x12B)
[0710/203609.802:ERROR:process_memory_win.cc(73)] ReadMemory at 0x254e40622c0 of 146 bytes failed: Only part of a ReadProcessMemory or WriteProcessMemory request was completed. (0x12B)
[0710/203609.802:ERROR:process_memory_win.cc(73)] ReadMemory at 0x254e4064020 of 132 bytes failed: Only part of a ReadProcessMemory or WriteProcessMemory request was completed. (0x12B)
[0710/203609.802:ERROR:process_memory_win.cc(73)] ReadMemory at 0x254e4064280 of 132 bytes failed: Only part of a ReadProcessMemory or WriteProcessMemory request was completed. (0x12B)
[0710/203609.802:ERROR:process_memory_win.cc(73)] ReadMemory at 0x254e40643b0 of 132 bytes failed: Only part of a ReadProcessMemory or WriteProcessMemory request was completed. (0x12B)
[0710/203609.802:ERROR:process_memory_win.cc(73)] ReadMemory at 0x254e40644e0 of 132 bytes failed: Only part of a ReadProcessMemory or WriteProcessMemory request was completed. (0x12B)
[0710/203609.802:ERROR:process_memory_win.cc(73)] ReadMemory at 0x254e4064610 of 132 bytes failed: Only part of a ReadProcessMemory or WriteProcessMemory request was completed. (0x12B)
[0710/203609.802:ERROR:process_memory_win.cc(73)] ReadMemory at 0x254e4064740 of 132 bytes failed: Only part of a ReadProcessMemory or WriteProcessMemory request was completed. (0x12B)
[0710/203609.802:ERROR:process_memory_win.cc(73)] ReadMemory at 0x254e4064870 of 132 bytes failed: Only part of a ReadProcessMemory or WriteProcessMemory request was completed. (0x12B)
[0710/203609.802:ERROR:process_memory_win.cc(73)] ReadMemory at 0x254e40649a0 of 132 bytes failed: Only part of a ReadProcessMemory or WriteProcessMemory request was completed. (0x12B)
[0710/203609.802:ERROR:process_memory_win.cc(73)] ReadMemory at 0x254e4064ad0 of 132 bytes failed: Only part of a ReadProcessMemory or WriteProcessMemory request was completed. (0x12B)
[0710/203609.802:ERROR:process_memory_win.cc(73)] ReadMemory at 0x254e4064c00 of 132 bytes failed: Only part of a ReadProcessMemory or WriteProcessMemory request was completed. (0x12B)
[0710/203609.802:ERROR:process_memory_win.cc(73)] ReadMemory at 0x254e4064d30 of 132 bytes failed: Only part of a ReadProcessMemory or WriteProcessMemory request was completed. (0x12B)
[0710/203609.802:ERROR:process_memory_win.cc(73)] ReadMemory at 0x254e4064e60 of 132 bytes failed: Only part of a ReadProcessMemory or WriteProcessMemory request was completed. (0x12B)
[0710/203609.802:ERROR:process_memory_win.cc(73)] ReadMemory at 0x254e4065bd0 of 76 bytes failed: Only part of a ReadProcessMemory or WriteProcessMemory request was completed. (0x12B)
[0710/203609.802:ERROR:process_memory_win.cc(73)] ReadMemory at 0x254e4066050 of 78 bytes failed: Only part of a ReadProcessMemory or WriteProcessMemory request was completed. (0x12B)
[0710/203609.802:ERROR:process_memory_win.cc(73)] ReadMemory at 0x254e4066110 of 80 bytes failed: Only part of a ReadProcessMemory or WriteProcessMemory request was completed. (0x12B)
[0710/203609.802:ERROR:process_memory_win.cc(73)] ReadMemory at 0x254e40663c0 of 64 bytes failed: Only part of a ReadProcessMemory or WriteProcessMemory request was completed. (0x12B)
[0710/203609.802:ERROR:process_memory_win.cc(73)] ReadMemory at 0x254e4066410 of 66 bytes failed: Only part of a ReadProcessMemory or WriteProcessMemory request was completed. (0x12B)
[0710/203609.802:ERROR:process_memory_win.cc(73)] ReadMemory at 0x254e40665a0 of 64 bytes failed: Only part of a ReadProcessMemory or WriteProcessMemory request was completed. (0x12B)
[0710/203609.802:ERROR:process_memory_win.cc(73)] ReadMemory at 0x254e40666e0 of 62 bytes failed: Only part of a ReadProcessMemory or WriteProcessMemory request was completed. (0x12B)
[0710/203609.802:ERROR:process_memory_win.cc(73)] ReadMemory at 0x254e4066730 of 60 bytes failed: Only part of a ReadProcessMemory or WriteProcessMemory request was completed. (0x12B)
[0710/203609.802:ERROR:process_memory_win.cc(73)] ReadMemory at 0x254e4066780 of 62 bytes failed: Only part of a ReadProcessMemory or WriteProcessMemory request was completed. (0x12B)
[0710/203609.802:ERROR:process_memory_win.cc(73)] ReadMemory at 0x254e4066870 of 62 bytes failed: Only part of a ReadProcessMemory or WriteProcessMemory request was completed. (0x12B)
[0710/203609.802:ERROR:process_memory_win.cc(73)] ReadMemory at 0x254e40669b0 of 62 bytes failed: Only part of a ReadProcessMemory or WriteProcessMemory request was completed. (0x12B)
[0710/203609.802:ERROR:process_memory_win.cc(73)] ReadMemory at 0x254e4066a50 of 60 bytes failed: Only part of a ReadProcessMemory or WriteProcessMemory request was completed. (0x12B)
[0710/203609.802:ERROR:process_memory_win.cc(73)] ReadMemory at 0x254e4066b40 of 64 bytes failed: Only part of a ReadProcessMemory or WriteProcessMemory request was completed. (0x12B)
[0710/203609.802:ERROR:process_memory_win.cc(73)] ReadMemory at 0x254e4066b90 of 58 bytes failed: Only part of a ReadProcessMemory or WriteProcessMemory request was completed. (0x12B)
[0710/203609.802:ERROR:process_memory_win.cc(73)] ReadMemory at 0x254e4066c80 of 62 bytes failed: Only part of a ReadProcessMemory or WriteProcessMemory request was completed. (0x12B)
[0710/203609.802:ERROR:process_memory_win.cc(73)] ReadMemory at 0x254e4066cd0 of 62 bytes failed: Only part of a ReadProcessMemory or WriteProcessMemory request was completed. (0x12B)
[0710/203609.802:ERROR:process_memory_win.cc(73)] ReadMemory at 0x254e4066eb0 of 62 bytes failed: Only part of a ReadProcessMemory or WriteProcessMemory request was completed. (0x12B)
[0710/203609.802:ERROR:process_memory_win.cc(73)] ReadMemory at 0x254e4066f00 of 62 bytes failed: Only part of a ReadProcessMemory or WriteProcessMemory request was completed. (0x12B)
[0710/203609.802:ERROR:process_memory_win.cc(73)] ReadMemory at 0x254e4066fa0 of 62 bytes failed: Only part of a ReadProcessMemory or WriteProcessMemory request was completed. (0x12B)
[0710/203609.802:ERROR:process_memory_win.cc(73)] ReadMemory at 0x254e4067040 of 60 bytes failed: Only part of a ReadProcessMemory or WriteProcessMemory request was completed. (0x12B)
[0710/203609.802:ERROR:process_memory_win.cc(73)] ReadMemory at 0x254e4067090 of 64 bytes failed: Only part of a ReadProcessMemory or WriteProcessMemory request was completed. (0x12B)
[0710/203609.802:ERROR:process_memory_win.cc(73)] ReadMemory at 0x254e4067180 of 60 bytes failed: Only part of a ReadProcessMemory or WriteProcessMemory request was completed. (0x12B)
[0710/203609.802:ERROR:process_memory_win.cc(73)] ReadMemory at 0x254e40679a0 of 132 bytes failed: Only part of a ReadProcessMemory or WriteProcessMemory request was completed. (0x12B)
[0710/203609.802:ERROR:process_memory_win.cc(73)] ReadMemory at 0x254e4067ad0 of 132 bytes failed: Only part of a ReadProcessMemory or WriteProcessMemory request was completed. (0x12B)
[0710/203609.802:ERROR:process_memory_win.cc(73)] ReadMemory at 0x254e4067c00 of 132 bytes failed: Only part of a ReadProcessMemory or WriteProcessMemory request was completed. (0x12B)
[0710/203609.802:ERROR:process_memory_win.cc(73)] ReadMemory at 0x254e4067d30 of 132 bytes failed: Only part of a ReadProcessMemory or WriteProcessMemory request was completed. (0x12B)
[0710/203609.802:ERROR:process_memory_win.cc(73)] ReadMemory at 0x254e4067f90 of 132 bytes failed: Only part of a ReadProcessMemory or WriteProcessMemory request was completed. (0x12B)
[0710/203609.802:ERROR:process_memory_win.cc(73)] ReadMemory at 0x254e40680c0 of 132 bytes failed: Only part of a ReadProcessMemory or WriteProcessMemory request was completed. (0x12B)
[0710/203609.802:ERROR:process_memory_win.cc(73)] ReadMemory at 0x254e40681f0 of 132 bytes failed: Only part of a ReadProcessMemory or WriteProcessMemory request was completed. (0x12B)
[0710/203609.802:ERROR:process_memory_win.cc(73)] ReadMemory at 0x254e4068450 of 132 bytes failed: Only part of a ReadProcessMemory or WriteProcessMemory request was completed. (0x12B)
[0710/203609.802:ERROR:process_memory_win.cc(73)] ReadMemory at 0x254e4068910 of 132 bytes failed: Only part of a ReadProcessMemory or WriteProcessMemory request was completed. (0x12B)
[0710/203609.802:ERROR:process_memory_win.cc(73)] ReadMemory at 0x254e4068a40 of 132 bytes failed: Only part of a ReadProcessMemory or WriteProcessMemory request was completed. (0x12B)
[0710/203609.802:ERROR:process_memory_win.cc(73)] ReadMemory at 0x254e4068b70 of 132 bytes failed: Only part of a ReadProcessMemory or WriteProcessMemory request was completed. (0x12B)
[0710/203609.802:ERROR:process_memory_win.cc(73)] ReadMemory at 0x254e4068ca0 of 132 bytes failed: Only part of a ReadProcessMemory or WriteProcessMemory request was completed. (0x12B)
[0710/203609.802:ERROR:process_memory_win.cc(73)] ReadMemory at 0x254e4068dd0 of 132 bytes failed: Only part of a ReadProcessMemory or WriteProcessMemory request was completed. (0x12B)
[0710/203609.802:ERROR:process_memory_win.cc(73)] ReadMemory at 0x254e4068f00 of 132 bytes failed: Only part of a ReadProcessMemory or WriteProcessMemory request was completed. (0x12B)
[0710/203609.802:ERROR:process_memory_win.cc(73)] ReadMemory at 0x254e4069030 of 132 bytes failed: Only part of a ReadProcessMemory or WriteProcessMemory request was completed. (0x12B)
[0710/203609.802:ERROR:process_memory_win.cc(73)] ReadMemory at 0x254e4069160 of 132 bytes failed: Only part of a ReadProcessMemory or WriteProcessMemory request was completed. (0x12B)
[0710/203609.802:ERROR:process_memory_win.cc(73)] ReadMemory at 0x254e4069290 of 132 bytes failed: Only part of a ReadProcessMemory or WriteProcessMemory request was completed. (0x12B)
[0710/203609.802:ERROR:process_memory_win.cc(73)] ReadMemory at 0x254e40693c0 of 132 bytes failed: Only part of a ReadProcessMemory or WriteProcessMemory request was completed. (0x12B)
[0710/203609.802:ERROR:process_memory_win.cc(73)] ReadMemory at 0x254e40694f0 of 132 bytes failed: Only part of a ReadProcessMemory or WriteProcessMemory request was completed. (0x12B)
[0710/203609.802:ERROR:process_memory_win.cc(73)] ReadMemory at 0x254e4069620 of 132 bytes failed: Only part of a ReadProcessMemory or WriteProcessMemory request was completed. (0x12B)
[0710/203609.802:ERROR:process_memory_win.cc(73)] ReadMemory at 0x254e4069750 of 132 bytes failed: Only part of a ReadProcessMemory or WriteProcessMemory request was completed. (0x12B)
[0710/203609.802:ERROR:process_memory_win.cc(73)] ReadMemory at 0x254e40699b0 of 58 bytes failed: Only part of a ReadProcessMemory or WriteProcessMemory request was completed. (0x12B)
[0710/203609.802:ERROR:process_memory_win.cc(73)] ReadMemory at 0x254e4069c30 of 58 bytes failed: Only part of a ReadProcessMemory or WriteProcessMemory request was completed. (0x12B)
[0710/203609.802:ERROR:process_memory_win.cc(73)] ReadMemory at 0x254e4069e10 of 64 bytes failed: Only part of a ReadProcessMemory or WriteProcessMemory request was completed. (0x12B)
[0710/203609.802:ERROR:process_memory_win.cc(73)] ReadMemory at 0x254e4069ff0 of 60 bytes failed: Only part of a ReadProcessMemory or WriteProcessMemory request was completed. (0x12B)
[0710/203609.802:ERROR:process_memory_win.cc(73)] ReadMemory at 0x254e406a1d0 of 66 bytes failed: Only part of a ReadProcessMemory or WriteProcessMemory request was completed. (0x12B)
[0710/203609.802:ERROR:process_memory_win.cc(73)] ReadMemory at 0x254e406a360 of 62 bytes failed: Only part of a ReadProcessMemory or WriteProcessMemory request was completed. (0x12B)
[0710/203609.810:ERROR:process_memory_win.cc(73)] ReadMemory at 0x254e406a5e0 of 58 bytes failed: Only part of a ReadProcessMemory or WriteProcessMemory request was completed. (0x12B)
[0710/203609.810:ERROR:process_memory_win.cc(73)] ReadMemory at 0x254e406a770 of 60 bytes failed: Only part of a ReadProcessMemory or WriteProcessMemory request was completed. (0x12B)
[0710/203609.810:ERROR:process_memory_win.cc(73)] ReadMemory at 0x254e406a900 of 62 bytes failed: Only part of a ReadProcessMemory or WriteProcessMemory request was completed. (0x12B)
[0710/203609.810:ERROR:process_memory_win.cc(73)] ReadMemory at 0x254e4084b80 of 512 bytes failed: Only part of a ReadProcessMemory or WriteProcessMemory request was completed. (0x12B)
[0710/203609.810:ERROR:process_memory_win.cc(73)] ReadMemory at 0x254e4088d20 of 512 bytes failed: Only part of a ReadProcessMemory or WriteProcessMemory request was completed. (0x12B)
[0710/203609.810:ERROR:process_memory_win.cc(73)] ReadMemory at 0x254e4088f50 of 512 bytes failed: Only part of a ReadProcessMemory or WriteProcessMemory request was completed. (0x12B)
[0710/203609.810:ERROR:process_memory_win.cc(73)] ReadMemory at 0x254e4750000 of 384 bytes failed: Only part of a ReadProcessMemory or WriteProcessMemory request was completed. (0x12B)
[0710/203609.810:ERROR:process_memory_win.cc(73)] ReadMemory at 0x254e4754b9c of 512 bytes failed: Only part of a ReadProcessMemory or WriteProcessMemory request was completed. (0x12B)
[0710/203609.810:ERROR:process_memory_win.cc(73)] ReadMemory at 0x254e4755618 of 512 bytes failed: Only part of a ReadProcessMemory or WriteProcessMemory request was completed. (0x12B)
[0710/203609.810:ERROR:process_memory_win.cc(73)] ReadMemory at 0x254e4760000 of 384 bytes failed: Only part of a ReadProcessMemory or WriteProcessMemory request was completed. (0x12B)
[0710/203609.810:ERROR:process_memory_win.cc(73)] ReadMemory at 0x254e476022c of 512 bytes failed: Only part of a ReadProcessMemory or WriteProcessMemory request was completed. (0x12B)
[0710/203609.810:ERROR:process_memory_win.cc(73)] ReadMemory at 0x254e4763f40 of 512 bytes failed: Only part of a ReadProcessMemory or WriteProcessMemory request was completed. (0x12B)
[0710/203609.810:ERROR:process_memory_win.cc(73)] ReadMemory at 0x254e47b9290 of 749 bytes failed: Only part of a ReadProcessMemory or WriteProcessMemory request was completed. (0x12B)
[0710/203609.810:ERROR:process_memory_win.cc(73)] ReadMemory at 0x254e47b9f90 of 512 bytes failed: Only part of a ReadProcessMemory or WriteProcessMemory request was completed. (0x12B)
[0710/203609.810:ERROR:process_memory_win.cc(73)] ReadMemory at 0x254e47bab60 of 512 bytes failed: Only part of a ReadProcessMemory or WriteProcessMemory request was completed. (0x12B)
[0710/203609.810:ERROR:process_memory_win.cc(73)] ReadMemory at 0x254e47e0f20 of 512 bytes failed: Only part of a ReadProcessMemory or WriteProcessMemory request was completed. (0x12B)
[0710/203609.810:ERROR:process_memory_win.cc(73)] ReadMemory at 0x254e47e43e0 of 712 bytes failed: Only part of a ReadProcessMemory or WriteProcessMemory request was completed. (0x12B)
[0710/203609.810:ERROR:process_memory_win.cc(73)] ReadMemory at 0x254e47f0bd0 of 512 bytes failed: Only part of a ReadProcessMemory or WriteProcessMemory request was completed. (0x12B)
[0710/203609.810:ERROR:process_memory_win.cc(73)] ReadMemory at 0x254e47ff0f0 of 512 bytes failed: Only part of a ReadProcessMemory or WriteProcessMemory request was completed. (0x12B)
[0710/203609.810:ERROR:process_memory_win.cc(73)] ReadMemory at 0x254e480b280 of 512 bytes failed: Only part of a ReadProcessMemory or WriteProcessMemory request was completed. (0x12B)
[0710/203609.810:ERROR:process_memory_win.cc(73)] ReadMemory at 0x254e481ffa0 of 512 bytes failed: Only part of a ReadProcessMemory or WriteProcessMemory request was completed. (0x12B)
[0710/203609.810:ERROR:process_memory_win.cc(73)] ReadMemory at 0x254e483d070 of 512 bytes failed: Only part of a ReadProcessMemory or WriteProcessMemory request was completed. (0x12B)
[0710/203609.810:ERROR:process_memory_win.cc(73)] ReadMemory at 0x254e651eb50 of 512 bytes failed: Only part of a ReadProcessMemory or WriteProcessMemory request was completed. (0x12B)
[0710/203609.810:ERROR:process_memory_win.cc(73)] ReadMemory at 0x254e7a79b20 of 576 bytes failed: Only part of a ReadProcessMemory or WriteProcessMemory request was completed. (0x12B)
[0710/203609.810:ERROR:process_memory_win.cc(73)] ReadMemory at 0x254edd72ea0 of 512 bytes failed: Only part of a ReadProcessMemory or WriteProcessMemory request was completed. (0x12B)
[0710/203609.810:ERROR:process_memory_win.cc(73)] ReadMemory at 0x254f31993a0 of 512 bytes failed: Only part of a ReadProcessMemory or WriteProcessMemory request was completed. (0x12B)
[0710/203609.810:ERROR:process_memory_win.cc(73)] ReadMemory at 0x7fff64226314 of 512 bytes failed: Only part of a ReadProcessMemory or WriteProcessMemory request was completed. (0x12B)
[0710/203609.810:ERROR:process_memory_win.cc(73)] ReadMemory at 0x7fff6422ecb1 of 512 bytes failed: Only part of a ReadProcessMemory or WriteProcessMemory request was completed. (0x12B)
[0710/203609.810:ERROR:process_memory_win.cc(73)] ReadMemory at 0x7fff669a8cfc of 512 bytes failed: Only part of a ReadProcessMemory or WriteProcessMemory request was completed. (0x12B)
[0710/203609.810:ERROR:process_memory_win.cc(73)] ReadMemory at 0x7fff68b8a9dc of 512 bytes failed: Only part of a ReadProcessMemory or WriteProcessMemory request was completed. (0x12B)
[0710/203609.810:ERROR:process_memory_win.cc(73)] ReadMemory at 0x7fff6b19a0d0 of 512 bytes failed: Only part of a ReadProcessMemory or WriteProcessMemory request was completed. (0x12B)
[0710/203609.810:ERROR:process_memory_win.cc(73)] ReadMemory at 0x7fff6b56c360 of 512 bytes failed: Only part of a ReadProcessMemory or WriteProcessMemory request was completed. (0x12B)
[0710/203609.810:ERROR:process_memory_win.cc(73)] ReadMemory at 0x7fffaaffa719 of 512 bytes failed: Only part of a ReadProcessMemory or WriteProcessMemory request was completed. (0x12B)
[0710/203609.810:ERROR:process_memory_win.cc(73)] ReadMemory at 0x7fffab22c6e0 of 512 bytes failed: Only part of a ReadProcessMemory or WriteProcessMemory request was completed. (0x12B)
[0710/203609.810:ERROR:process_memory_win.cc(73)] ReadMemory at 0x7fffad4fc3bf of 512 bytes failed: Only part of a ReadProcessMemory or WriteProcessMemory request was completed. (0x12B)
[0710/203609.810:ERROR:process_memory_win.cc(73)] ReadMemory at 0x7fffad4fcf18 of 512 bytes failed: Only part of a ReadProcessMemory or WriteProcessMemory request was completed. (0x12B)
[0710/203609.810:ERROR:process_memory_win.cc(73)] ReadMemory at 0x7fffad55c074 of 672 bytes failed: Only part of a ReadProcessMemory or WriteProcessMemory request was completed. (0x12B)
[0710/203609.810:ERROR:process_memory_win.cc(73)] ReadMemory at 0x7fffad55c674 of 512 bytes failed: Only part of a ReadProcessMemory or WriteProcessMemory request was completed. (0x12B)
[0710/203609.810:ERROR:process_memory_win.cc(73)] ReadMemory at 0x7fffad55f924 of 608 bytes failed: Only part of a ReadProcessMemory or WriteProcessMemory request was completed. (0x12B)
[0710/203609.810:ERROR:process_memory_win.cc(73)] ReadMemory at 0x7fffad5ec428 of 18 bytes failed: Only part of a ReadProcessMemory or WriteProcessMemory request was completed. (0x12B)
[0710/203609.810:ERROR:process_memory_win.cc(73)] ReadMemory at 0x7fffad61f4f8 of 40 bytes failed: Only part of a ReadProcessMemory or WriteProcessMemory request was completed. (0x12B)
[0710/203609.810:ERROR:process_memory_win.cc(73)] ReadMemory at 0x7fffad61f978 of 48 bytes failed: Only part of a ReadProcessMemory or WriteProcessMemory request was completed. (0x12B)
[0710/203609.810:ERROR:process_memory_win.cc(73)] ReadMemory at 0x7fffad6253c0 of 64 bytes failed: Only part of a ReadProcessMemory or WriteProcessMemory request was completed. (0x12B)
[0710/203609.810:ERROR:scoped_process_suspend.cc(40)] NtResumeProcess: An attempt was made to access an exiting process. (0xc000010a)
